<?xml version="1.0" encoding="utf-8"?>
<TestRun id="7ef6d8b4-e1c8-4613-83b4-49a852b21adb" name="@XFK76V234L 2025-02-25 13:14:59" xmlns="http://microsoft.com/schemas/VisualStudio/TeamTest/2010">
  <Times creation="2025-02-25T13:14:59.9492110-05:00" queuing="2025-02-25T13:14:59.9492110-05:00" start="2025-02-25T13:14:59.2073040-05:00" finish="2025-02-25T13:14:59.9582980-05:00" />
  <TestSettings name="default" id="aa2f82ad-f307-43b7-8ae4-3bdabebb4224">
    <Deployment runDeploymentRoot="_XFK76V234L_2025-02-25_13_14_59" />
  </TestSettings>
  <Results>
    <UnitTestResult executionId="801c0830-956b-4bab-ab3c-9c591f94281a" testId="f48debe6-ed8f-4329-6f69-1bb79465ca7e" testName="Get /api/candles returns HTTP status code 200" computerName="XFK76V234L" duration="00:00:00.0786745" startTime="2025-02-25T13:14:59.8313520-05:00" endTime="2025-02-25T13:14:59.8313520-05:00" testType="13cdc9d9-ddb5-4fa4-a97d-d965ccfc6d4b" outcome="Failed" testListId="8c84fa94-04c1-424b-9868-57a2d4851a1d" relativeResultsDirectory="801c0830-956b-4bab-ab3c-9c591f94281a">
      <Output>
        <ErrorInfo>
          <Message>Expected response.StatusCode to be HttpStatusCode.OK {value: 200}, but found HttpStatusCode.0 {value: 0}.</Message>
          <StackTrace>   at FluentAssertions.Execution.LateBoundTestFramework.Throw(String message)
   at FluentAssertions.Execution.DefaultAssertionStrategy.HandleFailure(String message)
   at FluentAssertions.Execution.AssertionScope.AddPreFormattedFailure(String formattedFailureMessage)
   at FluentAssertions.Execution.AssertionChain.FailWith(Func`1 getFailureReason)
   at FluentAssertions.Execution.AssertionChain.FailWith(Func`1 getFailureReason)
   at FluentAssertions.Execution.AssertionChain.FailWith(String message, Object[] args)
   at FluentAssertions.Primitives.EnumAssertions`2.Be(TEnum expected, String because, Object[] becauseArgs)
   at LilliansCandles.Tests.ApiTests.&lt;&gt;c__DisplayClass1_0.&lt;Get_Candles_ShouldReturn200&gt;b__1() in /Users/richard.rosaserrano/Slalom_Build/lillians-candles/backend/LilliansCandles.Tests/ApiTests.cs:line 43
   at Allure.Net.Commons.AllureApi.&lt;&gt;c__DisplayClass34_0.&lt;Step&gt;b__0()
   at Allure.Net.Commons.AllureApi.ExecuteAction[T](String name, Action`1 start, Func`1 action, Action`1 resolve)
   at Allure.Net.Commons.AllureApi.ExecuteStep[T](String name, Func`1 action)
   at Allure.Net.Commons.AllureApi.Step(String name, Action action)
   at LilliansCandles.Tests.ApiTests.Get_Candles_ShouldReturn200() in /Users/richard.rosaserrano/Slalom_Build/lillians-candles/backend/LilliansCandles.Tests/ApiTests.cs:line 41
--- End of stack trace from previous location ---</StackTrace>
        </ErrorInfo>
      </Output>
    </UnitTestResult>
    <UnitTestResult executionId="3d25e4ca-0a8a-4844-88dd-245bafab29f0" testId="9f5315c1-7dd6-a0e0-927d-160f9ea8de2e" testName="LilliansCandles.Tests.UnitTest1.Test1" computerName="XFK76V234L" duration="00:00:00.0013486" startTime="2025-02-25T13:14:59.7396210-05:00" endTime="2025-02-25T13:14:59.7396450-05:00" testType="13cdc9d9-ddb5-4fa4-a97d-d965ccfc6d4b" outcome="Passed" testListId="8c84fa94-04c1-424b-9868-57a2d4851a1d" relativeResultsDirectory="3d25e4ca-0a8a-4844-88dd-245bafab29f0" />
  </Results>
  <TestDefinitions>
    <UnitTest name="LilliansCandles.Tests.UnitTest1.Test1" storage="/users/richard.rosaserrano/slalom_build/lillians-candles/backend/lillianscandles.tests/bin/debug/net9.0/lillianscandles.tests.dll" id="9f5315c1-7dd6-a0e0-927d-160f9ea8de2e">
      <Execution id="3d25e4ca-0a8a-4844-88dd-245bafab29f0" />
      <TestMethod codeBase="/Users/richard.rosaserrano/Slalom_Build/lillians-candles/backend/LilliansCandles.Tests/bin/Debug/net9.0/LilliansCandles.Tests.dll" adapterTypeName="executor://xunit/VsTestRunner2/netcoreapp" className="LilliansCandles.Tests.UnitTest1" name="Test1" />
    </UnitTest>
    <UnitTest name="Get /api/candles returns HTTP status code 200" storage="/users/richard.rosaserrano/slalom_build/lillians-candles/backend/lillianscandles.tests/bin/debug/net9.0/lillianscandles.tests.dll" id="f48debe6-ed8f-4329-6f69-1bb79465ca7e">
      <Execution id="801c0830-956b-4bab-ab3c-9c591f94281a" />
      <TestMethod codeBase="/Users/richard.rosaserrano/Slalom_Build/lillians-candles/backend/LilliansCandles.Tests/bin/Debug/net9.0/LilliansCandles.Tests.dll" adapterTypeName="executor://xunit/VsTestRunner2/netcoreapp" className="LilliansCandles.Tests.ApiTests" name="Get_Candles_ShouldReturn200" />
    </UnitTest>
  </TestDefinitions>
  <TestEntries>
    <TestEntry testId="f48debe6-ed8f-4329-6f69-1bb79465ca7e" executionId="801c0830-956b-4bab-ab3c-9c591f94281a" testListId="8c84fa94-04c1-424b-9868-57a2d4851a1d" />
    <TestEntry testId="9f5315c1-7dd6-a0e0-927d-160f9ea8de2e" executionId="3d25e4ca-0a8a-4844-88dd-245bafab29f0" testListId="8c84fa94-04c1-424b-9868-57a2d4851a1d" />
  </TestEntries>
  <TestLists>
    <TestList name="Results Not in a List" id="8c84fa94-04c1-424b-9868-57a2d4851a1d" />
    <TestList name="All Loaded Results" id="19431567-8539-422a-85d7-44ee4e166bda" />
  </TestLists>
  <ResultSummary outcome="Failed">
    <Counters total="2" executed="2" passed="1" failed="1" error="0" timeout="0" aborted="0" inconclusive="0" passedButRunAborted="0" notRunnable="0" notExecuted="0" disconnected="0" warning="0" completed="0" inProgress="0" pending="0" />
    <Output>
      <StdOut>[xUnit.net 00:00:00.00] xUnit.net VSTest Adapter v2.8.2+699d445a1a (64-bit .NET 9.0.0)
[xUnit.net 00:00:00.09] Allure reporter enabled
[xUnit.net 00:00:00.10] Patching is skipped: Xunit is already patched
[xUnit.net 00:00:00.10] Allure reporter enabled
[xUnit.net 00:00:00.12]   Discovering: LilliansCandles.Tests
[xUnit.net 00:00:00.15]   Discovered:  LilliansCandles.Tests
[xUnit.net 00:00:00.15]   Starting:    LilliansCandles.Tests
     Warning:
     The component "Fluent Assertions" is governed by the rules defined in the Xceed License Agreement and
     the Xceed Fluent Assertions Community License. You may use Fluent Assertions free of charge for
     non-commercial use only. An active subscription is required to use Fluent Assertions for commercial use.
     Please contact Xceed Sales mailto:sales@xceed.com to acquire a subscription at a very low cost.
     A paid commercial license supports the development and continued increasing support of
     Fluent Assertions users under both commercial and community licenses. Help us
     keep Fluent Assertions at the forefront of unit testing.
     For more information, visit https://xceed.com/products/unit-testing/fluent-assertions/
[xUnit.net 00:00:00.27]       Expected response.StatusCode to be HttpStatusCode.OK {value: 200}, but found HttpStatusCode.0 {value: 0}.
[xUnit.net 00:00:00.27]       Stack Trace:
[xUnit.net 00:00:00.27]            at FluentAssertions.Execution.LateBoundTestFramework.Throw(String message)
[xUnit.net 00:00:00.27]            at FluentAssertions.Execution.DefaultAssertionStrategy.HandleFailure(String message)
[xUnit.net 00:00:00.27]            at FluentAssertions.Execution.AssertionScope.AddPreFormattedFailure(String formattedFailureMessage)
[xUnit.net 00:00:00.27]            at FluentAssertions.Execution.AssertionChain.FailWith(Func`1 getFailureReason)
[xUnit.net 00:00:00.27]            at FluentAssertions.Execution.AssertionChain.FailWith(Func`1 getFailureReason)
[xUnit.net 00:00:00.27]            at FluentAssertions.Execution.AssertionChain.FailWith(String message, Object[] args)
[xUnit.net 00:00:00.27]            at FluentAssertions.Primitives.EnumAssertions`2.Be(TEnum expected, String because, Object[] becauseArgs)
[xUnit.net 00:00:00.27]         /Users/richard.rosaserrano/Slalom_Build/lillians-candles/backend/LilliansCandles.Tests/ApiTests.cs(43,0): at LilliansCandles.Tests.ApiTests.&lt;&gt;c__DisplayClass1_0.&lt;Get_Candles_ShouldReturn200&gt;b__1()
[xUnit.net 00:00:00.27]            at Allure.Net.Commons.AllureApi.&lt;&gt;c__DisplayClass34_0.&lt;Step&gt;b__0()
[xUnit.net 00:00:00.27]            at Allure.Net.Commons.AllureApi.ExecuteAction[T](String name, Action`1 start, Func`1 action, Action`1 resolve)
[xUnit.net 00:00:00.27]            at Allure.Net.Commons.AllureApi.ExecuteStep[T](String name, Func`1 action)
[xUnit.net 00:00:00.27]            at Allure.Net.Commons.AllureApi.Step(String name, Action action)
[xUnit.net 00:00:00.27]         /Users/richard.rosaserrano/Slalom_Build/lillians-candles/backend/LilliansCandles.Tests/ApiTests.cs(41,0): at LilliansCandles.Tests.ApiTests.Get_Candles_ShouldReturn200()
[xUnit.net 00:00:00.27]         --- End of stack trace from previous location ---
[xUnit.net 00:00:00.28]   Finished:    LilliansCandles.Tests
</StdOut>
    </Output>
    <RunInfos>
      <RunInfo computerName="XFK76V234L" outcome="Warning" timestamp="2025-02-25T13:14:59.6452470-05:00">
        <Text>[xUnit.net 00:00:00.08] Unable to patch XunitTestRunner's Void .ctor(Xunit.Abstractions.ITest, Xunit.Sdk.IMessageBus, System.Type, System.Object[], System.Reflection.MethodInfo, System.Object[], System.String, System.Collections.Generic.IReadOnlyList`1[Xunit.Sdk.BeforeAfterTestAttribute], Xunit.Sdk.ExceptionAggregator, System.Threading.CancellationTokenSource): System.MemberAccessException: Cannot create an instance of System.Reflection.Emit.LocalBuilder because it is an abstract class.
   at System.Reflection.RuntimeConstructorInfo.CheckCanCreateInstance(Type declaringType, Boolean isVarArg)
   at System.Reflection.RuntimeConstructorInfo.ThrowNoInvokeException()
   at System.Reflection.RuntimeConstructorInfo.Invoke(BindingFlags invokeAttr, Binder binder, Object[] parameters, CultureInfo culture)
   at MonoMod.Utils.Cil.CecilILGenerator.DeclareLocal(Type localType, Boolean pinned)
   at MonoMod.Utils.Cil.CecilILGenerator.DeclareLocal(Type localType)
   at MonoMod.Utils.Cil.ILGeneratorProxy.DeclareLocal(Type)
   at HarmonyLib.MethodPatcher.DeclareLocalVariable(Type type, Boolean isReturnValue)
   at HarmonyLib.MethodPatcher.CreateReplacement(Dictionary`2&amp; finalInstructions)
   at HarmonyLib.PatchFunctions.UpdateWrapper(MethodBase original, PatchInfo patchInfo)
   at HarmonyLib.PatchProcessor.Patch()
   at HarmonyLib.Harmony.Patch(MethodBase original, HarmonyMethod prefix, HarmonyMethod postfix, HarmonyMethod transpiler, HarmonyMethod finalizer)
   at Allure.Xunit.AllureXunitPatcher.PatchXunitTestRunnerCtors(Harmony patcher)</Text>
      </RunInfo>
      <RunInfo computerName="XFK76V234L" outcome="Warning" timestamp="2025-02-25T13:14:59.6453290-05:00">
        <Text>[xUnit.net 00:00:00.08] No constructors of XunitTestRunner were patched. Some theories may miss their parameters in the report</Text>
      </RunInfo>
      <RunInfo computerName="XFK76V234L" outcome="Error" timestamp="2025-02-25T13:14:59.8303570-05:00">
        <Text>[xUnit.net 00:00:00.27]     Get /api/candles returns HTTP status code 200 [FAIL]</Text>
      </RunInfo>
    </RunInfos>
  </ResultSummary>
</TestRun>